PowerBASIC 10 for Windows
Copyright (c) 1996-2012 PowerBasic Inc.
Englewood, Florida USA
All Rights Reserved

Primary source:  F:\PowerBasicClassicWindows10\Projects\ASC\GenericWithSpeechAndTimeForJustVideo\GenericASCWithSpeechAndStopWatch.bas   {182185 total lines}
Target compilation:  GenericASCWithSpeechAndStopWatch.EXE
Compile time:  0.8 seconds, at 13663875 lines/minute

53232 bytes compiled code, 77964 bytes RTLibrary,
7024 bytes string literals, and 11106948 bytes dgroup.
Executable stack size:  1048576 bytes.
Disk image: 188928 bytes   Memory image: 11191936 bytes.

Component Files:
----------------
F:\PowerBasicClassicWindows10\Projects\ASC\GenericWithSpeechAndTimeForJustVideo\GenericASCWithSpeechAndStopWatch.bas
F:\POWERBASICCLASSICWINDOWS10\WINAPI_II\SAPI.INC
F:\POWERBASICCLASSICWINDOWS10\WINAPI_II\OAIDL.INC
F:\POWERBASICCLASSICWINDOWS10\WINAPI_II\WTYPES.INC
F:\POWERBASICCLASSICWINDOWS10\WINAPI_II\BASETSD.INC
F:\POWERBASICCLASSICWINDOWS10\WINAPI_II\GUIDDEF.INC
F:\POWERBASICCLASSICWINDOWS10\WINAPI_II\OLE2.INC
F:\POWERBASICCLASSICWINDOWS10\WINAPI_II\WINDOWS.INC
F:\POWERBASICCLASSICWINDOWS10\WINAPI_II\SDKDDKVER.INC
F:\POWERBASICCLASSICWINDOWS10\WINAPI_II\WINDEF.INC
F:\POWERBASICCLASSICWINDOWS10\WINAPI_II\WINNT.INC
F:\POWERBASICCLASSICWINDOWS10\WINAPI_II\NTSTATUS.INC
F:\POWERBASICCLASSICWINDOWS10\WINAPI_II\KTMTYPES.INC
F:\POWERBASICCLASSICWINDOWS10\WINAPI_II\WINERROR.INC
F:\POWERBASICCLASSICWINDOWS10\WINAPI_II\WINBASE.INC
F:\POWERBASICCLASSICWINDOWS10\WINAPI_II\WINGDI.INC
F:\POWERBASICCLASSICWINDOWS10\WINAPI_II\WINUSER.INC
F:\POWERBASICCLASSICWINDOWS10\WINAPI_II\TVOUT.INC
F:\POWERBASICCLASSICWINDOWS10\WINAPI_II\WINNLS.INC
F:\POWERBASICCLASSICWINDOWS10\WINAPI_II\WINCON.INC
F:\POWERBASICCLASSICWINDOWS10\WINAPI_II\WINVER.INC
F:\POWERBASICCLASSICWINDOWS10\WINAPI_II\VERRSRC.INC
F:\POWERBASICCLASSICWINDOWS10\WINAPI_II\WINREG.INC
F:\POWERBASICCLASSICWINDOWS10\WINAPI_II\REASON.INC
F:\POWERBASICCLASSICWINDOWS10\WINAPI_II\WINNETWK.INC
F:\POWERBASICCLASSICWINDOWS10\WINAPI_II\WNNC.INC
F:\POWERBASICCLASSICWINDOWS10\WINAPI_II\CDERR.INC
F:\POWERBASICCLASSICWINDOWS10\WINAPI_II\DDE.INC
F:\POWERBASICCLASSICWINDOWS10\WINAPI_II\DDEML.INC
F:\POWERBASICCLASSICWINDOWS10\WINAPI_II\DLGS.INC
F:\POWERBASICCLASSICWINDOWS10\WINAPI_II\LZEXPAND.INC
F:\POWERBASICCLASSICWINDOWS10\WINAPI_II\MMSYSTEM.INC
F:\POWERBASICCLASSICWINDOWS10\WINAPI_II\NB30.INC
F:\POWERBASICCLASSICWINDOWS10\WINAPI_II\RPC.INC
F:\POWERBASICCLASSICWINDOWS10\WINAPI_II\RPCDCE.INC
F:\POWERBASICCLASSICWINDOWS10\WINAPI_II\RPCDCEP.INC
F:\POWERBASICCLASSICWINDOWS10\WINAPI_II\RPCNSI.INC
F:\POWERBASICCLASSICWINDOWS10\WINAPI_II\RPCASYNC.INC
F:\POWERBASICCLASSICWINDOWS10\WINAPI_II\SHELLAPI.INC
F:\POWERBASICCLASSICWINDOWS10\WINAPI_II\WINPERF.INC
F:\POWERBASICCLASSICWINDOWS10\WINAPI_II\WINSPOOL.INC
F:\POWERBASICCLASSICWINDOWS10\WINAPI_II\OBJBASE.INC
F:\POWERBASICCLASSICWINDOWS10\WINAPI_II\UNKNWN.INC
F:\POWERBASICCLASSICWINDOWS10\WINAPI_II\OBJIDL.INC
F:\POWERBASICCLASSICWINDOWS10\WINAPI_II\CGUID.INC
F:\POWERBASICCLASSICWINDOWS10\WINAPI_II\URLMON.INC
F:\POWERBASICCLASSICWINDOWS10\WINAPI_II\OLEIDL.INC
F:\POWERBASICCLASSICWINDOWS10\WINAPI_II\SERVPROV.INC
F:\POWERBASICCLASSICWINDOWS10\WINAPI_II\MSXML.INC
F:\POWERBASICCLASSICWINDOWS10\WINAPI_II\PROPIDL.INC
F:\POWERBASICCLASSICWINDOWS10\WINAPI_II\OLEAUTO.INC
F:\POWERBASICCLASSICWINDOWS10\WINAPI_II\OCIDL.INC
F:\POWERBASICCLASSICWINDOWS10\WINAPI_II\SPERROR.INC
F:\POWERBASICCLASSICWINDOWS10\WINAPI_II\WIN32API.INC
F:\POWERBASICCLASSICWINDOWS10\DOPS_INCLUDES\DOPS_PB_CBW.INC
F:\POWERBASICCLASSICWINDOWS10\DOPS_INCLUDES\DOPS_EXPERIMENTINFO.INC
F:\POWERBASICCLASSICWINDOWS10\DOPS_INCLUDES\DOPS_UTILS.INC
F:\POWERBASICCLASSICWINDOWS10\DOPS_INCLUDES\MERSENNE-TWISTER.INC
F:\POWERBASICCLASSICWINDOWS10\DOPS_INCLUDES\EXPTCHECKLIST.INC
F:\POWERBASICCLASSICWINDOWS10\WINAPI_II\COMMCTRL.INC
F:\POWERBASICCLASSICWINDOWS10\WINAPI\PBFORMS.INC
F:\POWERBASICCLASSICWINDOWS10\DOPS_INCLUDES\DOPS_STATISTICS.INC
F:\POWERBASICCLASSICWINDOWS10\PROJECTS\ASC\GENERICWITHSPEECHANDTIMEFORJUSTVIDEO\CONTROLLERSCREEN.INC
F:\POWERBASICCLASSICWINDOWS10\PROJECTS\ASC\GENERICWITHSPEECHANDTIMEFORJUSTVIDEO\HELPERSCREEN.INC
F:\POWERBASICCLASSICWINDOWS10\PROJECTS\ASC\GENERICWITHSPEECHANDTIMEFORJUSTVIDEO\SUBJECTSCREEN.INC
F:\POWERBASICCLASSICWINDOWS10\DOPS_INCLUDES\BIOSEMIRECORDING.INC


Code Extracted:
---------------
INT32X32TO64
UINT32X32TO64
INT64SHLLMOD32
INT64SHRAMOD32
INT64SHRLMOD32
MAKELANGID
PRIMARYLANGID
SUBLANGID
MAKELCID
MAKESORTLCID
LANGIDFROMLCID
SORTIDFROMLCID
SORTVERSIONFROMLCID
FILTER_FLT_NTSTATUS_FROM_HRESULT
NTSTATUS_FROM_WIN32
ISPTR
ISFCN
ISARY
ISTAG
HEAP_MAKE_TAG_FLAGS
FILLMEMORY
ZEROMEMORY
WT_SET_MAX_THREADPOOL_THREADS
SUCCEEDED
FAILED
IS_ERROR
HRESULT_CODE
SCODE_CODE
HRESULT_FACILITY
SCODE_FACILITY
HRESULT_SEVERITY
SCODE_SEVERITY
MAKE_HRESULT
MAKE_SCODE
HRESULT_FROM_WIN32
HRESULT_FROM_NT
HRESULT_FROM_SETUPAPI
FILTER_HRESULT_FROM_FLT_NTSTATUS
INTERLOCKEDAND64
INTERLOCKEDOR64
INTERLOCKEDXOR64
INTERLOCKEDINCREMENT64
INTERLOCKEDDECREMENT64
INTERLOCKEDEXCHANGE64
INTERLOCKEDEXCHANGEADD64
GETHINST
GETKVALUE
GETYVALUE
GETMVALUE
GETCVALUE
CMYK
PALETTERGB
PALETTEINDEX
MOVETO
IS_INTRESOURCE
MAKEINTRESOURCEA
MAKEINTRESOURCEW
EXITWINDOWS
CREATEWINDOWA
CREATEWINDOWW
CREATEDIALOGINDIRECTA
CREATEDIALOGINDIRECTW
CREATEDIALOGA
CREATEDIALOGW
DIALOGBOXA
DIALOGBOXW
DIALOGBOXINDIRECTA
DIALOGBOXINDIRECTW
GETWINDOWTASK
GETNEXTWINDOW
DEFHOOKPROC
MAKEFOURCC
SNDALIAS
MEVT_EVENTTYPE
MEVT_EVENTPARM
MMIOFOURCC
MCI_MSF_MINUTE
MCI_MSF_SECOND
MCI_MSF_FRAME
MCI_MAKE_MSF
MCI_TMSF_TRACK
MCI_TMSF_MINUTE
MCI_TMSF_SECOND
MCI_TMSF_FRAME
MCI_MAKE_TMSF
MCI_HMS_HOUR
MCI_HMS_MINUTE
MCI_HMS_SECOND
MCI_MAKE_HMS
CANSHAREFOLDERW
SHOWSHAREFOLDERUI
NETADDR_GETADDRESS
NETADDR_SETALLOWTYPE
NETADDR_GETALLOWTYPE
NETADDR_DISPLAYERRORTIP
PTR2OBJ
AFXSHOWMSGA
AFXSHOWMSGW
AFXDOEVENTSA
AFXDOEVENTSW
AFXGETWINDOWSVERSION
AFXGETWINDOWSPLATFORM
AFXGETWINDOWSBUILD
AFXISPLATFORMNTA
AFXISPLATFORMNTW
AFXGETCOMCTLVERSION
AFXWINERRMSG
AFXCENTERWINDOW
XMLENCODEBASE64
XMLDECODEBASE64
PROPVARIANTINIT
LHASHVALOFNAME
WHASHVALOFLHASHVAL
ISHASHVALCOMPATIBLE
MAKE_SAPI_HRESULT
MAKE_SAPI_ERROR
MAKE_SAPI_SCODE
SPFEI
SPGETUSERDEFAULTUILANGUAGE
SPGETDESCRIPTION
SPGETCATEGORYFROMID
SPENUMTOKENS
SPSETVOICE
WRITETOEVENTFILE
LOOKUPLEGITIMATEGVDOUBLE
LOOKUPLEGITIMATEGVUNKNOWN
GENRAND_INT32
GENRAND_INT31
GENRAND_REAL1
GENRAND_REAL2
GENRAND_REAL3
GENRAND_RES53
RANDOMNUMBER
RANDOMNUMBER2
IMAGELIST_ADDICON
INDEXTOOVERLAYMASK
INDEXTOSTATEIMAGEMASK
MAKEIPRANGE
MAKEIPADDRESS
FIRST_IPADDRESS
SECOND_IPADDRESS
THIRD_IPADDRESS
FOURTH_IPADDRESS
DSA_DELETEITEM
DSA_GETITEM
DSA_SETITEM
DPA_CREATEEX
DPA_CLONE
DPA_GETPTRINDEX
DPA_MERGE
SHUFFLE
SHUFFLELONGS
GETTIMEWITHSECONDS
GETTIMEWITHNANO
GETTIMEWITHMILLI
CUSTOMMESSAGEBOX2
TIMEDMESSAGEBOX
MODELESSMESSAGEBOX
CBTIMEDMESSAGEBOX
CREATEPHOTODIODEDDIALOG
PHOTODIODEONOFF
DELAY
DELAYSECONDS
DELAYMILLISECONDS
DELAYMICROSECONDS
RANDOMDELAYMILLISECONDS
ISNUMERIC
ODD
FINDLARGEST
SHUTDOWNMACROEXPRESS
GETPOWERTIMETOTALMILLIS
DEBUGLOG
RENAMEANDMOVEFILES
ORDEROFMAGNITUDE
SUMBITSOFBYTE
REMAPFORTRACKBAR
REMAPFORTRACKBARREVERSE
REMAPLONG
REMAPDOUBLE
SETTOPMOSTWINDOW
WRITETRIALSEMAPHORE
PSISTDDEV
PSIZ
GAUCUMDIS
NORMCUMDIST
DISPLAYSTATISTICSRESULTS
CBBUTTONEVENT99
<CLASS> CISPEECHVOICEEVENTS
<CLASS> CISPEECHRECOCONTEXTEVENTS
