PowerBASIC for Windows
PB/Win  Version 9.05.
Copyright (c) 1996-2010 PowerBasic Inc.
Englewood, Florida USA
All Rights Reserved

Primary source:  H:\POWERB~1\V9\Projects\UTILIT~1\FEEGDU~1\fEEGDummyReceiver.bas   {132784 total lines}
Target compilation:  fEEGDummyReceiver.exe
Compile time:  0.6 seconds, at 13278400 lines/minute

20748 bytes compiled code, 37189 bytes RTLibrary,
868 bytes string literals, and 6356 bytes dgroup.
Executable stack size:  1048576 bytes.
Disk image: 74752 bytes   Memory image: 44413 bytes.

Component Files:
----------------
H:\POWERB~1\V9\Projects\UTILIT~1\FEEGDU~1\fEEGDummyReceiver.bas
H:\POWERB~1\V9\WINAPI~1\WIN32API.INC
H:\POWERB~1\V9\WINAPI~1\WINDOWS.INC
H:\POWERB~1\V9\WINAPI~1\WINDEF.INC
H:\POWERB~1\V9\WINAPI~1\WINNT.INC
H:\POWERB~1\V9\WINAPI~1\CTYPE.INC
H:\POWERB~1\V9\WINAPI~1\BASETSD.INC
H:\POWERB~1\V9\WINAPI~1\GUIDDEF.INC
H:\POWERB~1\V9\WINAPI~1\NTSTATUS.INC
H:\POWERB~1\V9\WINAPI~1\KTMTYPES.INC
H:\POWERB~1\V9\WINAPI~1\WINERROR.INC
H:\POWERB~1\V9\WINAPI~1\WINBASE.INC
H:\POWERB~1\V9\WINAPI~1\WINGDI.INC
H:\POWERB~1\V9\WINAPI~1\WINUSER.INC
H:\POWERB~1\V9\WINAPI~1\TVOUT.INC
H:\POWERB~1\V9\WINAPI~1\WINNLS.INC
H:\POWERB~1\V9\WINAPI~1\WINCON.INC
H:\POWERB~1\V9\WINAPI~1\WINVER.INC
H:\POWERB~1\V9\WINAPI~1\VERRSRC.INC
H:\POWERB~1\V9\WINAPI~1\WINREG.INC
H:\POWERB~1\V9\WINAPI~1\WTYPES.INC
H:\POWERB~1\V9\WINAPI~1\REASON.INC
H:\POWERB~1\V9\WINAPI~1\WINNETWK.INC
H:\POWERB~1\V9\WINAPI~1\WNNC.INC
H:\POWERB~1\V9\WINAPI~1\CDERR.INC
H:\POWERB~1\V9\WINAPI~1\DDE.INC
H:\POWERB~1\V9\WINAPI~1\DDEML.INC
H:\POWERB~1\V9\WINAPI~1\DLGS.INC
H:\POWERB~1\V9\WINAPI~1\LZEXPAND.INC
H:\POWERB~1\V9\WINAPI~1\MMSYSTEM.INC
H:\POWERB~1\V9\WINAPI~1\NB30.INC
H:\POWERB~1\V9\WINAPI~1\RPC.INC
H:\POWERB~1\V9\WINAPI~1\RPCDCE.INC
H:\POWERB~1\V9\WINAPI~1\RPCDCEP.INC
H:\POWERB~1\V9\WINAPI~1\RPCNSI.INC
H:\POWERB~1\V9\WINAPI~1\RPCASYNC.INC
H:\POWERB~1\V9\WINAPI~1\SHELLAPI.INC
H:\POWERB~1\V9\WINAPI~1\WINPERF.INC
H:\POWERB~1\V9\WINAPI~1\WINSPOOL.INC
H:\POWERB~1\V9\WINAPI~1\WINSVC.INC
H:\POWERB~1\V9\WINAPI~1\MCX.INC
H:\POWERB~1\V9\WINAPI~1\IMM.INC
H:\POWERB~1\V9\WINAPI~1\IME_CMODES.INC
H:\POWERB~1\V9\WINAPI~1\WINDOWSX.INC
H:\POWERB~1\V9\WINAPI\WS2_32.INC
H:\POWERB~1\V9\DOPS_I~1\IPADDRCONVERSION.INC


