PowerBASIC 10 for Windows
Copyright (c) 1996-2012 PowerBasic Inc.
Englewood, Florida USA
All Rights Reserved

Primary source:  J:\PowerBasicClassicWindows10\Projects\Utilities\KappafEEGClient\fEEGAmpTCPIPClient.bas   {183777 total lines}
Target compilation:  fEEGAmpTCPIPClient.EXE
Compile time:  0.7 seconds, at 15752314 lines/minute

15968 bytes compiled code, 66828 bytes RTLibrary,
632 bytes string literals, and 11115660 bytes dgroup.
Executable stack size:  1048576 bytes.
Disk image: 93696 bytes   Memory image: 11183120 bytes.

Component Files:
----------------
J:\PowerBasicClassicWindows10\Projects\Utilities\KappafEEGClient\fEEGAmpTCPIPClient.bas
J:\POWERBASICCLASSICWINDOWS10\WINAPI_II\WIN32API.INC
J:\POWERBASICCLASSICWINDOWS10\WINAPI_II\WINDOWS.INC
J:\POWERBASICCLASSICWINDOWS10\WINAPI_II\SDKDDKVER.INC
J:\POWERBASICCLASSICWINDOWS10\WINAPI_II\WINDEF.INC
J:\POWERBASICCLASSICWINDOWS10\WINAPI_II\WINNT.INC
J:\POWERBASICCLASSICWINDOWS10\WINAPI_II\BASETSD.INC
J:\POWERBASICCLASSICWINDOWS10\WINAPI_II\GUIDDEF.INC
J:\POWERBASICCLASSICWINDOWS10\WINAPI_II\NTSTATUS.INC
J:\POWERBASICCLASSICWINDOWS10\WINAPI_II\KTMTYPES.INC
J:\POWERBASICCLASSICWINDOWS10\WINAPI_II\WINERROR.INC
J:\POWERBASICCLASSICWINDOWS10\WINAPI_II\WINBASE.INC
J:\POWERBASICCLASSICWINDOWS10\WINAPI_II\WINGDI.INC
J:\POWERBASICCLASSICWINDOWS10\WINAPI_II\WINUSER.INC
J:\POWERBASICCLASSICWINDOWS10\WINAPI_II\TVOUT.INC
J:\POWERBASICCLASSICWINDOWS10\WINAPI_II\WINNLS.INC
J:\POWERBASICCLASSICWINDOWS10\WINAPI_II\WINCON.INC
J:\POWERBASICCLASSICWINDOWS10\WINAPI_II\WINVER.INC
J:\POWERBASICCLASSICWINDOWS10\WINAPI_II\VERRSRC.INC
J:\POWERBASICCLASSICWINDOWS10\WINAPI_II\WINREG.INC
J:\POWERBASICCLASSICWINDOWS10\WINAPI_II\WTYPES.INC
J:\POWERBASICCLASSICWINDOWS10\WINAPI_II\REASON.INC
J:\POWERBASICCLASSICWINDOWS10\WINAPI_II\WINNETWK.INC
J:\POWERBASICCLASSICWINDOWS10\WINAPI_II\WNNC.INC
J:\POWERBASICCLASSICWINDOWS10\WINAPI_II\CDERR.INC
J:\POWERBASICCLASSICWINDOWS10\WINAPI_II\DDE.INC
J:\POWERBASICCLASSICWINDOWS10\WINAPI_II\DDEML.INC
J:\POWERBASICCLASSICWINDOWS10\WINAPI_II\DLGS.INC
J:\POWERBASICCLASSICWINDOWS10\WINAPI_II\LZEXPAND.INC
J:\POWERBASICCLASSICWINDOWS10\WINAPI_II\MMSYSTEM.INC
J:\POWERBASICCLASSICWINDOWS10\WINAPI_II\NB30.INC
J:\POWERBASICCLASSICWINDOWS10\WINAPI_II\RPC.INC
J:\POWERBASICCLASSICWINDOWS10\WINAPI_II\RPCDCE.INC
J:\POWERBASICCLASSICWINDOWS10\WINAPI_II\RPCDCEP.INC
J:\POWERBASICCLASSICWINDOWS10\WINAPI_II\RPCNSI.INC
J:\POWERBASICCLASSICWINDOWS10\WINAPI_II\RPCASYNC.INC
J:\POWERBASICCLASSICWINDOWS10\WINAPI_II\SHELLAPI.INC
J:\POWERBASICCLASSICWINDOWS10\WINAPI_II\WINPERF.INC
J:\POWERBASICCLASSICWINDOWS10\WINAPI_II\WINSPOOL.INC
J:\POWERBASICCLASSICWINDOWS10\WINAPI_II\COMMCTRL.INC
J:\POWERBASICCLASSICWINDOWS10\WINAPI_II\OBJIDL.INC
J:\POWERBASICCLASSICWINDOWS10\WINAPI_II\OLE2.INC
J:\POWERBASICCLASSICWINDOWS10\WINAPI_II\OBJBASE.INC
J:\POWERBASICCLASSICWINDOWS10\WINAPI_II\UNKNWN.INC
J:\POWERBASICCLASSICWINDOWS10\WINAPI_II\OAIDL.INC
J:\POWERBASICCLASSICWINDOWS10\WINAPI_II\CGUID.INC
J:\POWERBASICCLASSICWINDOWS10\WINAPI_II\URLMON.INC
J:\POWERBASICCLASSICWINDOWS10\WINAPI_II\OLEIDL.INC
J:\POWERBASICCLASSICWINDOWS10\WINAPI_II\SERVPROV.INC
J:\POWERBASICCLASSICWINDOWS10\WINAPI_II\MSXML.INC
J:\POWERBASICCLASSICWINDOWS10\WINAPI_II\PROPIDL.INC
J:\POWERBASICCLASSICWINDOWS10\WINAPI_II\OLEAUTO.INC
J:\POWERBASICCLASSICWINDOWS10\WINAPI\PBFORMS.INC
J:\POWERBASICCLASSICWINDOWS10\WINAPI_II\MSWINSCK.INC
J:\POWERBASICCLASSICWINDOWS10\WINAPI_II\OLECON.INC
J:\POWERBASICCLASSICWINDOWS10\WINAPI_II\OLECTL.INC
J:\POWERBASICCLASSICWINDOWS10\WINAPI_II\OCIDL.INC
J:\POWERBASICCLASSICWINDOWS10\WINAPI_II\DOCOBJ.INC
J:\POWERBASICCLASSICWINDOWS10\WINAPI_II\SHLGUID.INC
J:\POWERBASICCLASSICWINDOWS10\WINAPI_II\ISGUIDS.INC
J:\POWERBASICCLASSICWINDOWS10\WINAPI_II\EXDISP.INC
J:\POWERBASICCLASSICWINDOWS10\WINAPI_II\SHLDISP.INC
J:\POWERBASICCLASSICWINDOWS10\WINAPI_II\KNOWNFOLDERS.INC
J:\POWERBASICCLASSICWINDOWS10\WINAPI_II\VBINTERF.INC
J:\POWERBASICCLASSICWINDOWS10\WINAPI_II\OLE2UTILS.INC
J:\POWERBASICCLASSICWINDOWS10\DOPS_INCLUDES\DOPS_PB_CBW.INC
J:\POWERBASICCLASSICWINDOWS10\DOPS_INCLUDES\DOPS_EXPERIMENTINFO.INC
J:\POWERBASICCLASSICWINDOWS10\DOPS_INCLUDES\DOPS_UTILS.INC
J:\POWERBASICCLASSICWINDOWS10\DOPS_INCLUDES\MERSENNE-TWISTER.INC
J:\POWERBASICCLASSICWINDOWS10\PROJECTS\UTILITIES\KAPPAFEEGCLIENT\CHANNELINFO.INC


Code Extracted:
---------------
INT32X32TO64
UINT32X32TO64
INT64SHLLMOD32
INT64SHRAMOD32
INT64SHRLMOD32
MAKELANGID
PRIMARYLANGID
SUBLANGID
MAKELCID
MAKESORTLCID
LANGIDFROMLCID
SORTIDFROMLCID
SORTVERSIONFROMLCID
FILTER_FLT_NTSTATUS_FROM_HRESULT
NTSTATUS_FROM_WIN32
ISPTR
ISFCN
ISARY
ISTAG
HEAP_MAKE_TAG_FLAGS
FILLMEMORY
ZEROMEMORY
WT_SET_MAX_THREADPOOL_THREADS
SUCCEEDED
FAILED
IS_ERROR
HRESULT_CODE
SCODE_CODE
HRESULT_FACILITY
SCODE_FACILITY
HRESULT_SEVERITY
SCODE_SEVERITY
MAKE_HRESULT
MAKE_SCODE
HRESULT_FROM_WIN32
HRESULT_FROM_NT
HRESULT_FROM_SETUPAPI
FILTER_HRESULT_FROM_FLT_NTSTATUS
INTERLOCKEDAND64
INTERLOCKEDOR64
INTERLOCKEDXOR64
INTERLOCKEDINCREMENT64
INTERLOCKEDDECREMENT64
INTERLOCKEDEXCHANGE64
INTERLOCKEDEXCHANGEADD64
GETHINST
GETKVALUE
GETYVALUE
GETMVALUE
GETCVALUE
CMYK
PALETTERGB
PALETTEINDEX
MOVETO
IS_INTRESOURCE
MAKEINTRESOURCEA
MAKEINTRESOURCEW
EXITWINDOWS
CREATEWINDOWA
CREATEWINDOWW
CREATEDIALOGINDIRECTA
CREATEDIALOGINDIRECTW
CREATEDIALOGA
CREATEDIALOGW
DIALOGBOXA
DIALOGBOXW
DIALOGBOXINDIRECTA
DIALOGBOXINDIRECTW
GETWINDOWTASK
GETNEXTWINDOW
DEFHOOKPROC
MAKEFOURCC
SNDALIAS
MEVT_EVENTTYPE
MEVT_EVENTPARM
MMIOFOURCC
MCI_MSF_MINUTE
MCI_MSF_SECOND
MCI_MSF_FRAME
MCI_MAKE_MSF
MCI_TMSF_TRACK
MCI_TMSF_MINUTE
MCI_TMSF_SECOND
MCI_TMSF_FRAME
MCI_MAKE_TMSF
MCI_HMS_HOUR
MCI_HMS_MINUTE
MCI_HMS_SECOND
MCI_MAKE_HMS
CANSHAREFOLDERW
SHOWSHAREFOLDERUI
NETADDR_GETADDRESS
NETADDR_SETALLOWTYPE
NETADDR_GETALLOWTYPE
NETADDR_DISPLAYERRORTIP
PTR2OBJ
AFXSHOWMSGA
AFXSHOWMSGW
AFXDOEVENTSA
AFXDOEVENTSW
AFXGETWINDOWSVERSION
AFXGETWINDOWSPLATFORM
AFXGETWINDOWSBUILD
AFXISPLATFORMNTA
AFXISPLATFORMNTW
AFXGETCOMCTLVERSION
AFXWINERRMSG
AFXCENTERWINDOW
XMLENCODEBASE64
XMLDECODEBASE64
PROPVARIANTINIT
LHASHVALOFNAME
WHASHVALOFLHASHVAL
ISHASHVALCOMPATIBLE
IMAGELIST_ADDICON
INDEXTOOVERLAYMASK
INDEXTOSTATEIMAGEMASK
MAKEIPRANGE
MAKEIPADDRESS
FIRST_IPADDRESS
SECOND_IPADDRESS
THIRD_IPADDRESS
FOURTH_IPADDRESS
DSA_DELETEITEM
DSA_GETITEM
DSA_SETITEM
DPA_CREATEEX
DPA_CLONE
DPA_GETPTRINDEX
DPA_MERGE
WSTRALLOC
BSTR2STR
WSTR2STR
OLEGETEXPORTEDGUIDA
OLEGETEXPORTEDGUIDW
CREATECONTROLLIC
OLEGETOBJECT
OLECREATEFONT
OLECREATEFONTDISP
OLECREATEPICTURE
OLECREATEPICTUREDISP
IUNKNOWN_QUERYINTERFACE
IUNKNOWN_ADDREF
IUNKNOWN_RELEASE
OLESETERRORINFO
IERRORINFO_GETERRORINFO
OLEGETERRORINFO
OLESHOWERRORINFO
ISTREAM_GETSEEKPOSITION
ISTREAM_RESETSEEKPOSITION
ISTREAM_SEEKATENDOFFILE
ISTREAM_GETSIZE
ISTREAM_WRITETEXTA
ISTREAM_WRITETEXTW
ISTREAM_WRITELINEA
ISTREAM_WRITELINEW
ISTREAM_READTEXT
OC_PIXELSTOHIMETRIC
OC_IUNKNOWN_QUERYSERVICE
OC_GETINTERFACENAME
NEW_OC_IUNKNOWNVTABLE
NEW_OC_IDISPATCHVTABLE
NEW_OC_IOLEWINDOWVTABLE
NEW_OC_IOLEINPLACEUIWINDOWVTABLE
NEW_OC_IOLEINPLACEFRAMEVTABLE
NEW_OC_IOLECLIENTSITEVTABLE
NEW_OC_IPARSEDISPLAYNAMEVTABLE
NEW_OC_IOLECONTAINERVTABLE
NEW_OC_IOLEINPLACESITEVTABLE
NEW_OC_IOLEINPLACESITEVTABLEEX
NEW_OC_IOLECONTROLSITEVTABLE
NEW_OC_ISERVICEPROVIDERVTABLE
NEW_OC_ISIMPLEFRAMESITEVTABLE
OC_IUNKNOWN_QUERYINTERFACE
OC_IUNKNOWNIMPL_QUERYINTERFACE
OC_IUNKNOWNIMPL_ADDREF
OC_IUNKNOWNIMPL_RELEASE
OC_IDISPATCHIMPL_QUERYINTERFACE
OC_IDISPATCHIMPL_ADDREF
OC_IDISPATCHIMPL_RELEASE
OC_IDISPATCHIMPL_GETTYPEINFOCOUNT
OC_IDISPATCHIMPL_GETTYPEINFO
OC_IDISPATCHIMPL_GETIDSOFNAMES
OC_IDISPATCHIMPL_INVOKE
OC_IOLEWINDOWIMPL_QUERYINTERFACE
OC_IOLEWINDOWIMPL_ADDREF
OC_IOLEWINDOWIMPL_RELEASE
OC_IOLEWINDOW_GETWINDOW
OC_IOLEWINDOWIMPL_GETWINDOW
OC_IOLEWINDOW_CONTEXTSENSITIVEHELP
OC_IOLEWINDOWIMPL_CONTEXTSENSITIVEHELP
OC_IOLEINPLACEUIWINDOWIMPL_QUERYINTERFACE
OC_IOLEINPLACEUIWINDOWIMPL_ADDREF
OC_IOLEINPLACEUIWINDOWIMPL_RELEASE
OC_IOLEINPLACEUIWINDOWIMPL_GETWINDOW
OC_IOLEINPLACEUIWINDOWIMPL_CONTEXTSENSITIVEHELP
OC_IOLEINPLACEUIWINDOW_GETBORDER
OC_IOLEINPLACEUIWINDOWIMPL_GETBORDER
OC_IOLEINPLACEUIWINDOW_REQUESTBORDERSPACE
OC_IOLEINPLACEUIWINDOWIMPL_REQUESTBORDERSPACE
OC_IOLEINPLACEUIWINDOW_SETBORDERSPACE
OC_IOLEINPLACEUIWINDOWIMPL_SETBORDERSPACE
OC_IOLEINPLACEUIWINDOW_SETACTIVEOBJECT
OC_IOLEINPLACEUIWINDOWIMPL_SETACTIVEOBJECT
OC_IOLEINPLACEFRAMEIMPL_QUERYINTERFACE
OC_IOLEINPLACEFRAMEIMPL_ADDREF
OC_IOLEINPLACEFRAMEIMPL_RELEASE
OC_IOLEINPLACEFRAMEIMPL_GETWINDOW
OC_IOLEINPLACEFRAMEIMPL_CONTEXTSENSITIVEHELP
OC_IOLEINPLACEFRAMEIMPL_GETBORDER
OC_IOLEINPLACEFRAMEIMPL_REQUESTBORDERSPACE
OC_IOLEINPLACEFRAMEIMPL_SETBORDERSPACE
OC_IOLEINPLACEFRAMEIMPL_SETACTIVEOBJECT
OC_IOLEINPLACEFRAMEIMPL_INSERTMENUS
OC_IOLEINPLACEFRAMEIMPL_SETMENU
OC_IOLEINPLACEFRAMEIMPL_REMOVEMENUS
OC_IOLEINPLACEFRAMEIMPL_SETSTATUSTEXT
OC_IOLEINPLACEFRAMEIMPL_ENABLEMODELESS
OC_IOLEINPLACEFRAMEIMPL_TRANSLATEACCELERATOR
OC_IOLECLIENTSITEIMPL_QUERYINTERFACE
OC_IOLECLIENTSITEIMPL_ADDREF
OC_IOLECLIENTSITEIMPL_RELEASE
OC_IOLECLIENTSITEIMPL_SAVEOBJECT
OC_IOLECLIENTSITEIMPL_GETMONIKER
OC_IOLECLIENTSITEIMPL_GETCONTAINER
OC_IOLECLIENTSITEIMPL_SHOWOBJECT
OC_IOLECLIENTSITEIMPL_ONSHOWWINDOW
OC_IOLECLIENTSITEIMPL_REQUESTNEWOBJECTLAYOUT
OC_IPARSEDISPLAYNAMEIMPL_QUERYINTERFACE
OC_IPARSEDISPLAYNAMEIMPL_ADDREF
OC_IPARSEDISPLAYNAMEIMPL_RELEASE
OC_IPARSEDISPLAYNAME_PARSEDISPLAYNAME
OC_IPARSEDISPLAYNAMEIMPL_PARSEDISPLAYNAME
OC_IOLECONTAINERIMPL_QUERYINTERFACE
OC_IOLECONTAINERIMPL_ADDREF
OC_IOLECONTAINERIMPL_RELEASE
OC_IOLECONTAINERIMPL_PARSEDISPLAYNAME
OC_IOLECONTAINERIMPL_ENUMOBJECTS
OC_IOLECONTAINERIMPL_LOCKCONTAINER
OC_IOLEINPLACESITEIMPL_QUERYINTERFACE
OC_IOLEINPLACESITEIMPL_ADDREF
OC_IOLEINPLACESITEIMPL_RELEASE
OC_IOLEINPLACESITEIMPL_GETWINDOW
OC_IOLEINPLACESITEIMPL_CONTEXTSENSITIVEHELP
OC_IOLEINPLACESITE_CANINPLACEACTIVATE
OC_IOLEINPLACESITEIMPL_CANINPLACEACTIVATE
OC_IOLEINPLACESITE_ONINPLACEACTIVATE
OC_IOLEINPLACESITEIMPL_ONINPLACEACTIVATE
OC_IOLEINPLACESITE_ONUIACTIVATE
OC_IOLEINPLACESITEIMPL_ONUIACTIVATE
OC_IOLEINPLACESITE_GETWINDOWCONTEXT
OC_IOLEINPLACESITEIMPL_GETWINDOWCONTEXT
OC_IOLEINPLACESITE_SCROLL
OC_IOLEINPLACESITEIMPL_SCROLL
OC_IOLEINPLACESITE_ONUIDEACTIVATE
OC_IOLEINPLACESITEIMPL_ONUIDEACTIVATE
OC_IOLEINPLACESITE_ONINPLACEDEACTIVATE
OC_IOLEINPLACESITEIMPL_ONINPLACEDEACTIVATE
OC_IOLEINPLACESITE_DISCARDUNDOSTATE
OC_IOLEINPLACESITEIMPL_DISCARDUNDOSTATE
OC_IOLEINPLACESITE_DEACTIVATEANDUNDO
OC_IOLEINPLACESITEIMPL_DEACTIVATEANDUNDO
OC_IOLEINPLACESITE_ONPOSRECTCHANGE
OC_IOLEINPLACESITEIMPL_ONPOSRECTCHANGE
OC_IOLEINPLACESITEEXIMPL_QUERYINTERFACE
OC_IOLEINPLACESITEEXIMPL_ADDREF
OC_IOLEINPLACESITEEXIMPL_RELEASE
OC_IOLEINPLACESITEEXIMPL_GETWINDOW
OC_IOLEINPLACESITEEXIMPL_CONTEXTSENSITIVEHELP
OC_IOLEINPLACESITEEXIMPL_CANINPLACEACTIVATE
OC_IOLEINPLACESITEEXIMPL_ONINPLACEACTIVATE
OC_IOLEINPLACESITEEXIMPL_ONUIACTIVATE
OC_IOLEINPLACESITEEXIMPL_GETWINDOWCONTEXT
OC_IOLEINPLACESITEEXIMPL_SCROLL
OC_IOLEINPLACESITEEXIMPL_ONUIDEACTIVATE
OC_IOLEINPLACESITEEXIMPL_ONINPLACEDEACTIVATE
OC_IOLEINPLACESITEEXIMPL_DISCARDUNDOSTATE
OC_IOLEINPLACESITEEXIMPL_DEACTIVATEANDUNDO
OC_IOLEINPLACESITEEXIMPL_ONPOSRECTCHANGE
OC_IOLEINPLACESITEEXIMPL_ONINPLACEACTIVATEEX
OC_IOLEINPLACESITEEXIMPL_ONINPLACEDEACTIVATEEX
OC_IOLEINPLACESITEEXIMPL_REQUESTUIACTIVATE
OC_IOLECONTROLSITEIMPL_QUERYINTERFACE
OC_IOLECONTROLSITEIMPL_ADDREF
OC_IOLECONTROLSITEIMPL_RELEASE
OC_IOLECONTROLSITEIMPL_ONCONTROLINFOCHANGED
OC_IOLECONTROLSITEIMPL_LOCKINPLACEACTIVE
OC_IOLECONTROLSITEIMPL_GETEXTENDEDCONTROL
OC_IOLECONTROLSITEIMPL_TRANSFORMCOORDS
OC_IOLECONTROLSITEIMPL_TRANSLATEACCELERATOR
OC_IOLECONTROLSITEIMPL_ONFOCUS
OC_IOLECONTROLSITEIMPL_SHOWPROPERTYFRAME
OC_ISERVICEPROVIDERIMPL_QUERYINTERFACE
OC_ISERVICEPROVIDERIMPL_ADDREF
OC_ISERVICEPROVIDERIMPL_RELEASE
OC_ISERVICEPROVIDERIMPL_QUERYSERVICE
OC_ISIMPLEFRAMESITEIMPL_QUERYINTERFACE
OC_ISIMPLEFRAMESITEIMPL_ADDREF
OC_ISIMPLEFRAMESITEIMPL_RELEASE
OC_ISIMPLEFRAMESITEIMPL_PREMESSAGEFILTER
OC_ISIMPLEFRAMESITEIMPL_POSTMESSAGEFILTER
OC_ICONNECTIONPOINTCONTAINER_FINDCONNECTIONPOINT
OC_ICONNECTIONPOINT_ADVISE
OC_ICONNECTIONPOINT_UNADVISE
OC_IDISPATCHEVENTS_BUILDVTBL
OC_IDISPATCHEVENTS_QUERYINTERFACE
OC_IDISPATCHEVENTS_ADDREF
OC_IDISPATCHEVENTS_RELEASE
OC_IDISPATCHEVENTS_GETTYPEINFOCOUNT
OC_IDISPATCHEVENTS_GETTYPEINFO
OC_IDISPATCHEVENTS_GETIDSOFNAMES
OC_IDISPATCHEVENTS_INVOKE
OC_ADVISE
OC_UNADVISE
OC_GETDISPATCH
OC_GETEVENTSINK
OC_FORWARDMESSAGE
OC_CREATEOBJECT
OC_WININIT
OC_OLECONTAINERPROC
CONVERTTOFULLPATH
LOADINISETTINGS
CREATEHEADERFILE
INITIALIZEEVENTFILE
CLOSEEVENTFILE
WRITETOEVENTFILE
WRITETOEVENTFILE2
LOOKUPLEGITIMATEGV
LOOKUPLEGITIMATEGVDOUBLE
LOOKUPLEGITIMATEGVUNKNOWN
INIT_MT_GENRAND
INIT_MT_BY_ARRAY
GENRAND_INT32
GENRAND_INT31
GENRAND_REAL1
GENRAND_REAL2
GENRAND_REAL3
GENRAND_RES53
RANDOMNUMBER
RANDOMNUMBER2
GREYCODE
CONFIGUREPORTS
DIOWRITE
DIOWRITEINITIALIZE
SHUFFLE
SHUFFLELONGS
GETTIMEWITHSECONDS
GETTIMEWITHNANO
GETTIMEWITHMILLI
CUSTOMMESSAGEBOX
TIMEDMESSAGEBOX
MODELESSMESSAGEBOX
CBCUSTOMMESSAGEBOX
CBTIMEDMESSAGEBOX
FINDOKBUTTON
CREATEPHOTODIODEDDIALOG
PHOTODIODEONOFF
DELAY
DELAYSECONDS
DELAYMILLISECONDS
DELAYMICROSECONDS
RANDOMDELAYMILLISECONDS
ISNUMERIC
ODD
FINDLARGEST
STARTRENAMEANDMOVEFILES
STARTMODIFYEXPANDTECH
STARTUPACTIVIEW
STARTBIOSEMIRECORD
SHUTDOWNMACROEXPRESS
DELETEMACROTEXTFILES
POWERTIMEDATETIME
MONTHNAME
DEBUGLOG
RENAMEANDMOVEFILES
SWAPBYTESINTEGER
