PowerBASIC 10 for Windows
Copyright (c) 1996-2012 PowerBasic Inc.
Englewood, Florida USA
All Rights Reserved

Primary source:  G:\PowerBasicClassicWindows10\Projects\Utilities\KappafEEGClient\winsock_server_NEW.bas   {169467 total lines}
Target compilation:  winsock_server_NEW.EXE
Compile time:  0.5 seconds, at 20336040 lines/minute

10096 bytes compiled code, 61368 bytes RTLibrary,
524 bytes string literals, and 3408 bytes dgroup.
Executable stack size:  1048576 bytes.
Disk image: 82432 bytes   Memory image: 65300 bytes.

Component Files:
----------------
G:\PowerBasicClassicWindows10\Projects\Utilities\KappafEEGClient\winsock_server_NEW.bas
G:\POWERBASICCLASSICWINDOWS10\WINAPI_II\WIN32API.INC
G:\POWERBASICCLASSICWINDOWS10\WINAPI_II\WINDOWS.INC
G:\POWERBASICCLASSICWINDOWS10\WINAPI_II\SDKDDKVER.INC
G:\POWERBASICCLASSICWINDOWS10\WINAPI_II\WINDEF.INC
G:\POWERBASICCLASSICWINDOWS10\WINAPI_II\WINNT.INC
G:\POWERBASICCLASSICWINDOWS10\WINAPI_II\BASETSD.INC
G:\POWERBASICCLASSICWINDOWS10\WINAPI_II\GUIDDEF.INC
G:\POWERBASICCLASSICWINDOWS10\WINAPI_II\NTSTATUS.INC
G:\POWERBASICCLASSICWINDOWS10\WINAPI_II\KTMTYPES.INC
G:\POWERBASICCLASSICWINDOWS10\WINAPI_II\WINERROR.INC
G:\POWERBASICCLASSICWINDOWS10\WINAPI_II\WINBASE.INC
G:\POWERBASICCLASSICWINDOWS10\WINAPI_II\WINGDI.INC
G:\POWERBASICCLASSICWINDOWS10\WINAPI_II\WINUSER.INC
G:\POWERBASICCLASSICWINDOWS10\WINAPI_II\TVOUT.INC
G:\POWERBASICCLASSICWINDOWS10\WINAPI_II\WINNLS.INC
G:\POWERBASICCLASSICWINDOWS10\WINAPI_II\WINCON.INC
G:\POWERBASICCLASSICWINDOWS10\WINAPI_II\WINVER.INC
G:\POWERBASICCLASSICWINDOWS10\WINAPI_II\VERRSRC.INC
G:\POWERBASICCLASSICWINDOWS10\WINAPI_II\WINREG.INC
G:\POWERBASICCLASSICWINDOWS10\WINAPI_II\WTYPES.INC
G:\POWERBASICCLASSICWINDOWS10\WINAPI_II\REASON.INC
G:\POWERBASICCLASSICWINDOWS10\WINAPI_II\WINNETWK.INC
G:\POWERBASICCLASSICWINDOWS10\WINAPI_II\WNNC.INC
G:\POWERBASICCLASSICWINDOWS10\WINAPI_II\CDERR.INC
G:\POWERBASICCLASSICWINDOWS10\WINAPI_II\DDE.INC
G:\POWERBASICCLASSICWINDOWS10\WINAPI_II\DDEML.INC
G:\POWERBASICCLASSICWINDOWS10\WINAPI_II\DLGS.INC
G:\POWERBASICCLASSICWINDOWS10\WINAPI_II\LZEXPAND.INC
G:\POWERBASICCLASSICWINDOWS10\WINAPI_II\MMSYSTEM.INC
G:\POWERBASICCLASSICWINDOWS10\WINAPI_II\NB30.INC
G:\POWERBASICCLASSICWINDOWS10\WINAPI_II\RPC.INC
G:\POWERBASICCLASSICWINDOWS10\WINAPI_II\RPCDCE.INC
G:\POWERBASICCLASSICWINDOWS10\WINAPI_II\RPCDCEP.INC
G:\POWERBASICCLASSICWINDOWS10\WINAPI_II\RPCNSI.INC
G:\POWERBASICCLASSICWINDOWS10\WINAPI_II\RPCASYNC.INC
G:\POWERBASICCLASSICWINDOWS10\WINAPI_II\SHELLAPI.INC
G:\POWERBASICCLASSICWINDOWS10\WINAPI_II\WINPERF.INC
G:\POWERBASICCLASSICWINDOWS10\WINAPI_II\WINSPOOL.INC
G:\POWERBASICCLASSICWINDOWS10\WINAPI_II\COMMCTRL.INC
G:\POWERBASICCLASSICWINDOWS10\WINAPI_II\OBJIDL.INC
G:\POWERBASICCLASSICWINDOWS10\WINAPI_II\OLE2.INC
G:\POWERBASICCLASSICWINDOWS10\WINAPI_II\OBJBASE.INC
G:\POWERBASICCLASSICWINDOWS10\WINAPI_II\UNKNWN.INC
G:\POWERBASICCLASSICWINDOWS10\WINAPI_II\OAIDL.INC
G:\POWERBASICCLASSICWINDOWS10\WINAPI_II\CGUID.INC
G:\POWERBASICCLASSICWINDOWS10\WINAPI_II\URLMON.INC
G:\POWERBASICCLASSICWINDOWS10\WINAPI_II\OLEIDL.INC
G:\POWERBASICCLASSICWINDOWS10\WINAPI_II\SERVPROV.INC
G:\POWERBASICCLASSICWINDOWS10\WINAPI_II\MSXML.INC
G:\POWERBASICCLASSICWINDOWS10\WINAPI_II\PROPIDL.INC
G:\POWERBASICCLASSICWINDOWS10\WINAPI_II\OLEAUTO.INC
G:\POWERBASICCLASSICWINDOWS10\WINAPI\PBFORMS.INC
G:\POWERBASICCLASSICWINDOWS10\WINAPI_II\MSWINSCK.INC
G:\POWERBASICCLASSICWINDOWS10\WINAPI_II\OLE2UTILS.INC
G:\POWERBASICCLASSICWINDOWS10\WINAPI_II\OLECTL.INC
G:\POWERBASICCLASSICWINDOWS10\WINAPI_II\OCIDL.INC


Code Extracted:
---------------
INT32X32TO64
UINT32X32TO64
INT64SHLLMOD32
INT64SHRAMOD32
INT64SHRLMOD32
MAKELANGID
PRIMARYLANGID
SUBLANGID
MAKELCID
MAKESORTLCID
LANGIDFROMLCID
SORTIDFROMLCID
SORTVERSIONFROMLCID
FILTER_FLT_NTSTATUS_FROM_HRESULT
NTSTATUS_FROM_WIN32
ISPTR
ISFCN
ISARY
ISTAG
HEAP_MAKE_TAG_FLAGS
FILLMEMORY
ZEROMEMORY
WT_SET_MAX_THREADPOOL_THREADS
SUCCEEDED
FAILED
IS_ERROR
HRESULT_CODE
SCODE_CODE
HRESULT_FACILITY
SCODE_FACILITY
HRESULT_SEVERITY
SCODE_SEVERITY
MAKE_HRESULT
MAKE_SCODE
HRESULT_FROM_WIN32
HRESULT_FROM_NT
HRESULT_FROM_SETUPAPI
FILTER_HRESULT_FROM_FLT_NTSTATUS
INTERLOCKEDAND64
INTERLOCKEDOR64
INTERLOCKEDXOR64
INTERLOCKEDINCREMENT64
INTERLOCKEDDECREMENT64
INTERLOCKEDEXCHANGE64
INTERLOCKEDEXCHANGEADD64
GETHINST
GETKVALUE
GETYVALUE
GETMVALUE
GETCVALUE
CMYK
PALETTERGB
PALETTEINDEX
MOVETO
IS_INTRESOURCE
MAKEINTRESOURCEA
MAKEINTRESOURCEW
EXITWINDOWS
CREATEWINDOWA
CREATEWINDOWW
CREATEDIALOGINDIRECTA
CREATEDIALOGINDIRECTW
CREATEDIALOGA
CREATEDIALOGW
DIALOGBOXA
DIALOGBOXW
DIALOGBOXINDIRECTA
DIALOGBOXINDIRECTW
GETWINDOWTASK
GETNEXTWINDOW
DEFHOOKPROC
MAKEFOURCC
SNDALIAS
MEVT_EVENTTYPE
MEVT_EVENTPARM
MMIOFOURCC
MCI_MSF_MINUTE
MCI_MSF_SECOND
MCI_MSF_FRAME
MCI_MAKE_MSF
MCI_TMSF_TRACK
MCI_TMSF_MINUTE
MCI_TMSF_SECOND
MCI_TMSF_FRAME
MCI_MAKE_TMSF
MCI_HMS_HOUR
MCI_HMS_MINUTE
MCI_HMS_SECOND
MCI_MAKE_HMS
CANSHAREFOLDERW
SHOWSHAREFOLDERUI
NETADDR_GETADDRESS
NETADDR_SETALLOWTYPE
NETADDR_GETALLOWTYPE
NETADDR_DISPLAYERRORTIP
PTR2OBJ
AFXSHOWMSGA
AFXSHOWMSGW
AFXDOEVENTSA
AFXDOEVENTSW
AFXGETWINDOWSVERSION
AFXGETWINDOWSPLATFORM
AFXGETWINDOWSBUILD
AFXISPLATFORMNTA
AFXISPLATFORMNTW
AFXGETCOMCTLVERSION
AFXWINERRMSG
AFXCENTERWINDOW
XMLENCODEBASE64
XMLDECODEBASE64
PROPVARIANTINIT
LHASHVALOFNAME
WHASHVALOFLHASHVAL
ISHASHVALCOMPATIBLE
IMAGELIST_ADDICON
INDEXTOOVERLAYMASK
INDEXTOSTATEIMAGEMASK
MAKEIPRANGE
MAKEIPADDRESS
FIRST_IPADDRESS
SECOND_IPADDRESS
THIRD_IPADDRESS
FOURTH_IPADDRESS
DSA_DELETEITEM
DSA_GETITEM
DSA_SETITEM
DPA_CREATEEX
DPA_CLONE
DPA_GETPTRINDEX
DPA_MERGE
WSTRALLOC
BSTR2STR
WSTR2STR
OLEGETEXPORTEDGUIDA
OLEGETEXPORTEDGUIDW
CREATECONTROLLIC
OLEGETOBJECT
OLECREATEFONT
OLECREATEFONTDISP
OLECREATEPICTURE
OLECREATEPICTUREDISP
IUNKNOWN_QUERYINTERFACE
IUNKNOWN_ADDREF
IUNKNOWN_RELEASE
OLESETERRORINFO
IERRORINFO_GETERRORINFO
OLEGETERRORINFO
OLESHOWERRORINFO
ISTREAM_GETSEEKPOSITION
ISTREAM_RESETSEEKPOSITION
ISTREAM_SEEKATENDOFFILE
ISTREAM_GETSIZE
ISTREAM_WRITETEXTA
ISTREAM_WRITETEXTW
ISTREAM_WRITELINEA
ISTREAM_WRITELINEW
ISTREAM_READTEXT
