PowerBASIC 10 for Windows
Copyright (c) 1996-2012 PowerBasic Inc.
Englewood, Florida USA
All Rights Reserved

Primary source:  E:\PowerBasicClassicWindows10\Projects\Utilities\KappafEEGClock\WorkerThreadDemo.bas   {134399 total lines}
Target compilation:  WorkerThreadDemo.EXE
Compile time:  0.3 seconds, at 26879800 lines/minute

5088 bytes compiled code, 58468 bytes RTLibrary,
560 bytes string literals, and 3440 bytes dgroup.
Executable stack size:  1048576 bytes.
Disk image: 73216 bytes   Memory image: 62468 bytes.

Component Files:
----------------
E:\PowerBasicClassicWindows10\Projects\Utilities\KappafEEGClock\WorkerThreadDemo.bas
E:\POWERBASICCLASSICWINDOWS10\WINAPI_II\WIN32API.INC
E:\POWERBASICCLASSICWINDOWS10\WINAPI_II\WINDOWS.INC
E:\POWERBASICCLASSICWINDOWS10\WINAPI_II\SDKDDKVER.INC
E:\POWERBASICCLASSICWINDOWS10\WINAPI_II\WINDEF.INC
E:\POWERBASICCLASSICWINDOWS10\WINAPI_II\WINNT.INC
E:\POWERBASICCLASSICWINDOWS10\WINAPI_II\BASETSD.INC
E:\POWERBASICCLASSICWINDOWS10\WINAPI_II\GUIDDEF.INC
E:\POWERBASICCLASSICWINDOWS10\WINAPI_II\NTSTATUS.INC
E:\POWERBASICCLASSICWINDOWS10\WINAPI_II\KTMTYPES.INC
E:\POWERBASICCLASSICWINDOWS10\WINAPI_II\WINERROR.INC
E:\POWERBASICCLASSICWINDOWS10\WINAPI_II\WINBASE.INC
E:\POWERBASICCLASSICWINDOWS10\WINAPI_II\WINGDI.INC
E:\POWERBASICCLASSICWINDOWS10\WINAPI_II\WINUSER.INC
E:\POWERBASICCLASSICWINDOWS10\WINAPI_II\TVOUT.INC
E:\POWERBASICCLASSICWINDOWS10\WINAPI_II\WINNLS.INC
E:\POWERBASICCLASSICWINDOWS10\WINAPI_II\WINCON.INC
E:\POWERBASICCLASSICWINDOWS10\WINAPI_II\WINVER.INC
E:\POWERBASICCLASSICWINDOWS10\WINAPI_II\VERRSRC.INC
E:\POWERBASICCLASSICWINDOWS10\WINAPI_II\WINREG.INC
E:\POWERBASICCLASSICWINDOWS10\WINAPI_II\WTYPES.INC
E:\POWERBASICCLASSICWINDOWS10\WINAPI_II\REASON.INC
E:\POWERBASICCLASSICWINDOWS10\WINAPI_II\WINNETWK.INC
E:\POWERBASICCLASSICWINDOWS10\WINAPI_II\WNNC.INC
E:\POWERBASICCLASSICWINDOWS10\WINAPI_II\CDERR.INC
E:\POWERBASICCLASSICWINDOWS10\WINAPI_II\DDE.INC
E:\POWERBASICCLASSICWINDOWS10\WINAPI_II\DDEML.INC
E:\POWERBASICCLASSICWINDOWS10\WINAPI_II\DLGS.INC
E:\POWERBASICCLASSICWINDOWS10\WINAPI_II\LZEXPAND.INC
E:\POWERBASICCLASSICWINDOWS10\WINAPI_II\MMSYSTEM.INC
E:\POWERBASICCLASSICWINDOWS10\WINAPI_II\NB30.INC
E:\POWERBASICCLASSICWINDOWS10\WINAPI_II\RPC.INC
E:\POWERBASICCLASSICWINDOWS10\WINAPI_II\RPCDCE.INC
E:\POWERBASICCLASSICWINDOWS10\WINAPI_II\RPCDCEP.INC
E:\POWERBASICCLASSICWINDOWS10\WINAPI_II\RPCNSI.INC
E:\POWERBASICCLASSICWINDOWS10\WINAPI_II\RPCASYNC.INC
E:\POWERBASICCLASSICWINDOWS10\WINAPI_II\SHELLAPI.INC
E:\POWERBASICCLASSICWINDOWS10\WINAPI_II\WINPERF.INC
E:\POWERBASICCLASSICWINDOWS10\WINAPI_II\WINSPOOL.INC
E:\POWERBASICCLASSICWINDOWS10\WINAPI_II\COMDLG32.INC
E:\POWERBASICCLASSICWINDOWS10\WINAPI_II\COMMDLG.INC
E:\POWERBASICCLASSICWINDOWS10\WINAPI_II\PRSHT.INC


Code Extracted:
---------------
INT32X32TO64
UINT32X32TO64
INT64SHLLMOD32
INT64SHRAMOD32
INT64SHRLMOD32
MAKELANGID
PRIMARYLANGID
SUBLANGID
MAKELCID
MAKESORTLCID
LANGIDFROMLCID
SORTIDFROMLCID
SORTVERSIONFROMLCID
FILTER_FLT_NTSTATUS_FROM_HRESULT
NTSTATUS_FROM_WIN32
ISPTR
ISFCN
ISARY
ISTAG
HEAP_MAKE_TAG_FLAGS
FILLMEMORY
ZEROMEMORY
WT_SET_MAX_THREADPOOL_THREADS
SUCCEEDED
FAILED
IS_ERROR
HRESULT_CODE
SCODE_CODE
HRESULT_FACILITY
SCODE_FACILITY
HRESULT_SEVERITY
SCODE_SEVERITY
MAKE_HRESULT
MAKE_SCODE
HRESULT_FROM_WIN32
HRESULT_FROM_NT
HRESULT_FROM_SETUPAPI
FILTER_HRESULT_FROM_FLT_NTSTATUS
INTERLOCKEDAND64
INTERLOCKEDOR64
INTERLOCKEDXOR64
INTERLOCKEDINCREMENT64
INTERLOCKEDDECREMENT64
INTERLOCKEDEXCHANGE64
INTERLOCKEDEXCHANGEADD64
GETHINST
GETKVALUE
GETYVALUE
GETMVALUE
GETCVALUE
CMYK
PALETTERGB
PALETTEINDEX
MOVETO
IS_INTRESOURCE
MAKEINTRESOURCEA
MAKEINTRESOURCEW
EXITWINDOWS
CREATEWINDOWA
CREATEWINDOWW
CREATEDIALOGINDIRECTA
CREATEDIALOGINDIRECTW
CREATEDIALOGA
CREATEDIALOGW
DIALOGBOXA
DIALOGBOXW
DIALOGBOXINDIRECTA
DIALOGBOXINDIRECTW
GETWINDOWTASK
GETNEXTWINDOW
DEFHOOKPROC
MAKEFOURCC
SNDALIAS
MEVT_EVENTTYPE
MEVT_EVENTPARM
MMIOFOURCC
MCI_MSF_MINUTE
MCI_MSF_SECOND
MCI_MSF_FRAME
MCI_MAKE_MSF
MCI_TMSF_TRACK
MCI_TMSF_MINUTE
MCI_TMSF_SECOND
MCI_TMSF_FRAME
MCI_MAKE_TMSF
MCI_HMS_HOUR
MCI_HMS_MINUTE
MCI_HMS_SECOND
MCI_MAKE_HMS
CANSHAREFOLDERW
SHOWSHAREFOLDERUI
NETADDR_GETADDRESS
NETADDR_SETALLOWTYPE
NETADDR_GETALLOWTYPE
NETADDR_DISPLAYERRORTIP
PTR2OBJ
AFXSHOWMSGA
AFXSHOWMSGW
AFXDOEVENTSA
AFXDOEVENTSW
AFXGETWINDOWSVERSION
AFXGETWINDOWSPLATFORM
AFXGETWINDOWSBUILD
AFXISPLATFORMNTA
AFXISPLATFORMNTW
AFXGETCOMCTLVERSION
AFXWINERRMSG
AFXCENTERWINDOW
PROPSHEET_SETCURSEL
PROPSHEET_REMOVEPAGE
PROPSHEET_ADDPAGE
PROPSHEET_CHANGED
PROPSHEET_RESTARTWINDOWS
PROPSHEET_REBOOTSYSTEM
PROPSHEET_CANCELTOCLOSE
PROPSHEET_QUERYSIBLINGS
PROPSHEET_UNCHANGED
PROPSHEET_APPLY
PROPSHEET_SETTITLE
PROPSHEET_SETTITLEW
PROPSHEET_SETWIZBUTTONS
PROPSHEET_PRESSBUTTON
PROPSHEET_SETCURSELBYID
PROPSHEET_SETFINISHTEXT
PROPSHEET_SETFINISHTEXTW
PROPSHEET_GETTABCONTROL
PROPSHEET_ISDIALOGMESSAGE
PROPSHEET_GETCURRENTPAGEHWND
PROPSHEET_INSERTPAGE
PROPSHEET_SETHEADERTITLE
PROPSHEET_SETHEADERTITLEW
PROPSHEET_SETHEADERSUBTITLE
PROPSHEET_SETHEADERSUBTITLEW
PROPSHEET_HWNDTOINDEX
PROPSHEET_INDEXTOHWND
PROPSHEET_PAGETOINDEX
PROPSHEET_INDEXTOPAGE
PROPSHEET_IDTOINDEX
PROPSHEET_INDEXTOID
PROPSHEET_GETRESULT
PROPSHEET_RECALCPAGESIZES
PROPSHEET_SETNEXTTEXT
PROPSHEET_SETNEXTTEXTW
PROPSHEET_SHOWWIZBUTTONS
PROPSHEET_ENABLEWIZBUTTONS
PROPSHEET_SETBUTTONTEXT
PROPSHEET_SETBUTTONTEXTW
COMMDLG_OPENSAVE_GETSPECA
COMMDLG_OPENSAVE_GETSPECW
COMMDLG_OPENSAVE_GETFILEPATHA
COMMDLG_OPENSAVE_GETFILEPATHW
COMMDLG_OPENSAVE_GETFOLDERPATHA
COMMDLG_OPENSAVE_GETFOLDERPATHW
COMMDLG_OPENSAVE_GETFOLDERIDLIST
COMMDLG_OPENSAVE_SETCONTROLTEXT
COMMDLG_OPENSAVE_HIDECONTROL
COMMDLG_OPENSAVE_SETDEFEXT
PRINTERDIALOGA
PRINTERDIALOGW
PRINTERDIALOG
PRINTERSETUPA
PRINTERSETUPW
PRINTERSETUP
OPENFILEDIALOGW
SAVEFILEDIALOGA
SAVEFILEDIALOGW
RUNFILEDLG
