PowerBASIC 10 for Windows
Copyright (c) 1996-2012 PowerBasic Inc.
Englewood, Florida USA
All Rights Reserved

Primary source:  E:\PowerBasicClassicWindows10\Projects\Ross\AudioPacedTrialsExpandedv4\AudioSoundChoices.bas   {165156 total lines}
Target compilation:  AudioSoundChoices.EXE
Compile time:  0.8 seconds, at 12386700 lines/minute

8848 bytes compiled code, 56528 bytes RTLibrary,
476 bytes string literals, and 5516 bytes dgroup.
Executable stack size:  1048576 bytes.
Disk image: 75264 bytes   Memory image: 62520 bytes.

Component Files:
----------------
E:\PowerBasicClassicWindows10\Projects\Ross\AudioPacedTrialsExpandedv4\AudioSoundChoices.bas
E:\POWERBASICCLASSICWINDOWS10\WINAPI_II\WIN32API.INC
E:\POWERBASICCLASSICWINDOWS10\WINAPI_II\WINDOWS.INC
E:\POWERBASICCLASSICWINDOWS10\WINAPI_II\SDKDDKVER.INC
E:\POWERBASICCLASSICWINDOWS10\WINAPI_II\WINDEF.INC
E:\POWERBASICCLASSICWINDOWS10\WINAPI_II\WINNT.INC
E:\POWERBASICCLASSICWINDOWS10\WINAPI_II\BASETSD.INC
E:\POWERBASICCLASSICWINDOWS10\WINAPI_II\GUIDDEF.INC
E:\POWERBASICCLASSICWINDOWS10\WINAPI_II\NTSTATUS.INC
E:\POWERBASICCLASSICWINDOWS10\WINAPI_II\KTMTYPES.INC
E:\POWERBASICCLASSICWINDOWS10\WINAPI_II\WINERROR.INC
E:\POWERBASICCLASSICWINDOWS10\WINAPI_II\WINBASE.INC
E:\POWERBASICCLASSICWINDOWS10\WINAPI_II\WINGDI.INC
E:\POWERBASICCLASSICWINDOWS10\WINAPI_II\WINUSER.INC
E:\POWERBASICCLASSICWINDOWS10\WINAPI_II\TVOUT.INC
E:\POWERBASICCLASSICWINDOWS10\WINAPI_II\WINNLS.INC
E:\POWERBASICCLASSICWINDOWS10\WINAPI_II\WINCON.INC
E:\POWERBASICCLASSICWINDOWS10\WINAPI_II\WINVER.INC
E:\POWERBASICCLASSICWINDOWS10\WINAPI_II\VERRSRC.INC
E:\POWERBASICCLASSICWINDOWS10\WINAPI_II\WINREG.INC
E:\POWERBASICCLASSICWINDOWS10\WINAPI_II\WTYPES.INC
E:\POWERBASICCLASSICWINDOWS10\WINAPI_II\REASON.INC
E:\POWERBASICCLASSICWINDOWS10\WINAPI_II\WINNETWK.INC
E:\POWERBASICCLASSICWINDOWS10\WINAPI_II\WNNC.INC
E:\POWERBASICCLASSICWINDOWS10\WINAPI_II\CDERR.INC
E:\POWERBASICCLASSICWINDOWS10\WINAPI_II\DDE.INC
E:\POWERBASICCLASSICWINDOWS10\WINAPI_II\DDEML.INC
E:\POWERBASICCLASSICWINDOWS10\WINAPI_II\DLGS.INC
E:\POWERBASICCLASSICWINDOWS10\WINAPI_II\LZEXPAND.INC
E:\POWERBASICCLASSICWINDOWS10\WINAPI_II\MMSYSTEM.INC
E:\POWERBASICCLASSICWINDOWS10\WINAPI_II\NB30.INC
E:\POWERBASICCLASSICWINDOWS10\WINAPI_II\RPC.INC
E:\POWERBASICCLASSICWINDOWS10\WINAPI_II\RPCDCE.INC
E:\POWERBASICCLASSICWINDOWS10\WINAPI_II\RPCDCEP.INC
E:\POWERBASICCLASSICWINDOWS10\WINAPI_II\RPCNSI.INC
E:\POWERBASICCLASSICWINDOWS10\WINAPI_II\RPCASYNC.INC
E:\POWERBASICCLASSICWINDOWS10\WINAPI_II\SHELLAPI.INC
E:\POWERBASICCLASSICWINDOWS10\WINAPI_II\WINPERF.INC
E:\POWERBASICCLASSICWINDOWS10\WINAPI_II\WINSPOOL.INC
E:\POWERBASICCLASSICWINDOWS10\WINAPI_II\COMMCTRL.INC
E:\POWERBASICCLASSICWINDOWS10\WINAPI_II\OBJIDL.INC
E:\POWERBASICCLASSICWINDOWS10\WINAPI_II\OLE2.INC
E:\POWERBASICCLASSICWINDOWS10\WINAPI_II\OBJBASE.INC
E:\POWERBASICCLASSICWINDOWS10\WINAPI_II\UNKNWN.INC
E:\POWERBASICCLASSICWINDOWS10\WINAPI_II\OAIDL.INC
E:\POWERBASICCLASSICWINDOWS10\WINAPI_II\CGUID.INC
E:\POWERBASICCLASSICWINDOWS10\WINAPI_II\URLMON.INC
E:\POWERBASICCLASSICWINDOWS10\WINAPI_II\OLEIDL.INC
E:\POWERBASICCLASSICWINDOWS10\WINAPI_II\SERVPROV.INC
E:\POWERBASICCLASSICWINDOWS10\WINAPI_II\MSXML.INC
E:\POWERBASICCLASSICWINDOWS10\WINAPI_II\PROPIDL.INC
E:\POWERBASICCLASSICWINDOWS10\WINAPI_II\OLEAUTO.INC
E:\POWERBASICCLASSICWINDOWS10\WINAPI\PBFORMS.INC


Code Extracted:
---------------
INT32X32TO64
UINT32X32TO64
INT64SHLLMOD32
INT64SHRAMOD32
INT64SHRLMOD32
MAKELANGID
PRIMARYLANGID
SUBLANGID
MAKELCID
MAKESORTLCID
LANGIDFROMLCID
SORTIDFROMLCID
SORTVERSIONFROMLCID
FILTER_FLT_NTSTATUS_FROM_HRESULT
NTSTATUS_FROM_WIN32
ISPTR
ISFCN
ISARY
ISTAG
HEAP_MAKE_TAG_FLAGS
FILLMEMORY
ZEROMEMORY
WT_SET_MAX_THREADPOOL_THREADS
SUCCEEDED
FAILED
IS_ERROR
HRESULT_CODE
SCODE_CODE
HRESULT_FACILITY
SCODE_FACILITY
HRESULT_SEVERITY
SCODE_SEVERITY
MAKE_HRESULT
MAKE_SCODE
HRESULT_FROM_WIN32
HRESULT_FROM_NT
HRESULT_FROM_SETUPAPI
FILTER_HRESULT_FROM_FLT_NTSTATUS
INTERLOCKEDAND64
INTERLOCKEDOR64
INTERLOCKEDXOR64
INTERLOCKEDINCREMENT64
INTERLOCKEDDECREMENT64
INTERLOCKEDEXCHANGE64
INTERLOCKEDEXCHANGEADD64
GETHINST
GETKVALUE
GETYVALUE
GETMVALUE
GETCVALUE
CMYK
PALETTERGB
PALETTEINDEX
MOVETO
IS_INTRESOURCE
MAKEINTRESOURCEA
MAKEINTRESOURCEW
EXITWINDOWS
CREATEWINDOWA
CREATEWINDOWW
CREATEDIALOGINDIRECTA
CREATEDIALOGINDIRECTW
CREATEDIALOGA
CREATEDIALOGW
DIALOGBOXA
DIALOGBOXW
DIALOGBOXINDIRECTA
DIALOGBOXINDIRECTW
GETWINDOWTASK
GETNEXTWINDOW
DEFHOOKPROC
MAKEFOURCC
SNDALIAS
MEVT_EVENTTYPE
MEVT_EVENTPARM
MMIOFOURCC
MCI_MSF_MINUTE
MCI_MSF_SECOND
MCI_MSF_FRAME
MCI_MAKE_MSF
MCI_TMSF_TRACK
MCI_TMSF_MINUTE
MCI_TMSF_SECOND
MCI_TMSF_FRAME
MCI_MAKE_TMSF
MCI_HMS_HOUR
MCI_HMS_MINUTE
MCI_HMS_SECOND
MCI_MAKE_HMS
CANSHAREFOLDERW
SHOWSHAREFOLDERUI
NETADDR_GETADDRESS
NETADDR_SETALLOWTYPE
NETADDR_GETALLOWTYPE
NETADDR_DISPLAYERRORTIP
PTR2OBJ
AFXSHOWMSGA
AFXSHOWMSGW
AFXDOEVENTSA
AFXDOEVENTSW
AFXGETWINDOWSVERSION
AFXGETWINDOWSPLATFORM
AFXGETWINDOWSBUILD
AFXISPLATFORMNTA
AFXISPLATFORMNTW
AFXGETCOMCTLVERSION
AFXWINERRMSG
AFXCENTERWINDOW
XMLENCODEBASE64
XMLDECODEBASE64
PROPVARIANTINIT
LHASHVALOFNAME
WHASHVALOFLHASHVAL
ISHASHVALCOMPATIBLE
IMAGELIST_ADDICON
INDEXTOOVERLAYMASK
INDEXTOSTATEIMAGEMASK
MAKEIPRANGE
MAKEIPADDRESS
FIRST_IPADDRESS
SECOND_IPADDRESS
THIRD_IPADDRESS
FOURTH_IPADDRESS
DSA_DELETEITEM
DSA_GETITEM
DSA_SETITEM
DPA_CREATEEX
DPA_CLONE
DPA_GETPTRINDEX
DPA_MERGE
