PowerBASIC 10 for Windows
Copyright (c) 1996-2012 PowerBasic Inc.
Englewood, Florida USA
All Rights Reserved

Primary source:  F:\PowerBasicClassicWindows10\Projects\Ross\AudioPacedTrials\AudioPacedTrials.bas   {134945 total lines}
Target compilation:  AudioPacedTrials.EXE
Compile time:  0.4 seconds, at 20241750 lines/minute

38896 bytes compiled code, 77228 bytes RTLibrary,
6328 bytes string literals, and 11105568 bytes dgroup.
Executable stack size:  1048576 bytes.
Disk image: 135184 bytes   Memory image: 11189124 bytes.

Component Files:
----------------
F:\PowerBasicClassicWindows10\Projects\Ross\AudioPacedTrials\AudioPacedTrials.bas
F:\POWERBASICCLASSICWINDOWS10\WINAPI_II\WIN32API.INC
F:\POWERBASICCLASSICWINDOWS10\WINAPI_II\WINDOWS.INC
F:\POWERBASICCLASSICWINDOWS10\WINAPI_II\SDKDDKVER.INC
F:\POWERBASICCLASSICWINDOWS10\WINAPI_II\WINDEF.INC
F:\POWERBASICCLASSICWINDOWS10\WINAPI_II\WINNT.INC
F:\POWERBASICCLASSICWINDOWS10\WINAPI_II\BASETSD.INC
F:\POWERBASICCLASSICWINDOWS10\WINAPI_II\GUIDDEF.INC
F:\POWERBASICCLASSICWINDOWS10\WINAPI_II\NTSTATUS.INC
F:\POWERBASICCLASSICWINDOWS10\WINAPI_II\KTMTYPES.INC
F:\POWERBASICCLASSICWINDOWS10\WINAPI_II\WINERROR.INC
F:\POWERBASICCLASSICWINDOWS10\WINAPI_II\WINBASE.INC
F:\POWERBASICCLASSICWINDOWS10\WINAPI_II\WINGDI.INC
F:\POWERBASICCLASSICWINDOWS10\WINAPI_II\WINUSER.INC
F:\POWERBASICCLASSICWINDOWS10\WINAPI_II\TVOUT.INC
F:\POWERBASICCLASSICWINDOWS10\WINAPI_II\WINNLS.INC
F:\POWERBASICCLASSICWINDOWS10\WINAPI_II\WINCON.INC
F:\POWERBASICCLASSICWINDOWS10\WINAPI_II\WINVER.INC
F:\POWERBASICCLASSICWINDOWS10\WINAPI_II\VERRSRC.INC
F:\POWERBASICCLASSICWINDOWS10\WINAPI_II\WINREG.INC
F:\POWERBASICCLASSICWINDOWS10\WINAPI_II\WTYPES.INC
F:\POWERBASICCLASSICWINDOWS10\WINAPI_II\REASON.INC
F:\POWERBASICCLASSICWINDOWS10\WINAPI_II\WINNETWK.INC
F:\POWERBASICCLASSICWINDOWS10\WINAPI_II\WNNC.INC
F:\POWERBASICCLASSICWINDOWS10\WINAPI_II\CDERR.INC
F:\POWERBASICCLASSICWINDOWS10\WINAPI_II\DDE.INC
F:\POWERBASICCLASSICWINDOWS10\WINAPI_II\DDEML.INC
F:\POWERBASICCLASSICWINDOWS10\WINAPI_II\DLGS.INC
F:\POWERBASICCLASSICWINDOWS10\WINAPI_II\LZEXPAND.INC
F:\POWERBASICCLASSICWINDOWS10\WINAPI_II\MMSYSTEM.INC
F:\POWERBASICCLASSICWINDOWS10\WINAPI_II\NB30.INC
F:\POWERBASICCLASSICWINDOWS10\WINAPI_II\RPC.INC
F:\POWERBASICCLASSICWINDOWS10\WINAPI_II\RPCDCE.INC
F:\POWERBASICCLASSICWINDOWS10\WINAPI_II\RPCDCEP.INC
F:\POWERBASICCLASSICWINDOWS10\WINAPI_II\RPCNSI.INC
F:\POWERBASICCLASSICWINDOWS10\WINAPI_II\RPCASYNC.INC
F:\POWERBASICCLASSICWINDOWS10\WINAPI_II\SHELLAPI.INC
F:\POWERBASICCLASSICWINDOWS10\WINAPI_II\WINPERF.INC
F:\POWERBASICCLASSICWINDOWS10\WINAPI_II\WINSPOOL.INC
F:\POWERBASICCLASSICWINDOWS10\DOPS_INCLUDES\DOPS_PB_CBW.INC
F:\POWERBASICCLASSICWINDOWS10\DOPS_INCLUDES\DOPS_EXPERIMENTINFO.INC
F:\POWERBASICCLASSICWINDOWS10\DOPS_INCLUDES\DOPS_UTILS.INC
F:\POWERBASICCLASSICWINDOWS10\DOPS_INCLUDES\MERSENNE-TWISTER.INC
F:\POWERBASICCLASSICWINDOWS10\DOPS_INCLUDES\DOPS_STATISTICS.INC
F:\POWERBASICCLASSICWINDOWS10\DOPS_INCLUDES\DOPS_MMTIMERS.INC
F:\POWERBASICCLASSICWINDOWS10\PROJECTS\ROSS\AUDIOPACEDTRIALS\CONTROLLERSCREEN.INC
F:\POWERBASICCLASSICWINDOWS10\PROJECTS\ROSS\AUDIOPACEDTRIALS\HELPERSCREEN.INC
F:\POWERBASICCLASSICWINDOWS10\PROJECTS\ROSS\AUDIOPACEDTRIALS\SUBJECTSCREEN.INC


Code Extracted:
---------------
INT32X32TO64
UINT32X32TO64
INT64SHLLMOD32
INT64SHRAMOD32
INT64SHRLMOD32
MAKELANGID
PRIMARYLANGID
SUBLANGID
MAKELCID
MAKESORTLCID
LANGIDFROMLCID
SORTIDFROMLCID
SORTVERSIONFROMLCID
FILTER_FLT_NTSTATUS_FROM_HRESULT
NTSTATUS_FROM_WIN32
ISPTR
ISFCN
ISARY
ISTAG
HEAP_MAKE_TAG_FLAGS
FILLMEMORY
ZEROMEMORY
WT_SET_MAX_THREADPOOL_THREADS
SUCCEEDED
FAILED
IS_ERROR
HRESULT_CODE
SCODE_CODE
HRESULT_FACILITY
SCODE_FACILITY
HRESULT_SEVERITY
SCODE_SEVERITY
MAKE_HRESULT
MAKE_SCODE
HRESULT_FROM_WIN32
HRESULT_FROM_NT
HRESULT_FROM_SETUPAPI
FILTER_HRESULT_FROM_FLT_NTSTATUS
INTERLOCKEDAND64
INTERLOCKEDOR64
INTERLOCKEDXOR64
INTERLOCKEDINCREMENT64
INTERLOCKEDDECREMENT64
INTERLOCKEDEXCHANGE64
INTERLOCKEDEXCHANGEADD64
GETHINST
GETKVALUE
GETYVALUE
GETMVALUE
GETCVALUE
CMYK
PALETTERGB
PALETTEINDEX
MOVETO
IS_INTRESOURCE
MAKEINTRESOURCEA
MAKEINTRESOURCEW
EXITWINDOWS
CREATEWINDOWA
CREATEWINDOWW
CREATEDIALOGINDIRECTA
CREATEDIALOGINDIRECTW
CREATEDIALOGA
CREATEDIALOGW
DIALOGBOXA
DIALOGBOXW
DIALOGBOXINDIRECTA
DIALOGBOXINDIRECTW
GETWINDOWTASK
GETNEXTWINDOW
DEFHOOKPROC
MAKEFOURCC
SNDALIAS
MEVT_EVENTTYPE
MEVT_EVENTPARM
MMIOFOURCC
MCI_MSF_MINUTE
MCI_MSF_SECOND
MCI_MSF_FRAME
MCI_MAKE_MSF
MCI_TMSF_TRACK
MCI_TMSF_MINUTE
MCI_TMSF_SECOND
MCI_TMSF_FRAME
MCI_MAKE_TMSF
MCI_HMS_HOUR
MCI_HMS_MINUTE
MCI_HMS_SECOND
MCI_MAKE_HMS
CANSHAREFOLDERW
SHOWSHAREFOLDERUI
NETADDR_GETADDRESS
NETADDR_SETALLOWTYPE
NETADDR_GETALLOWTYPE
NETADDR_DISPLAYERRORTIP
PTR2OBJ
AFXSHOWMSGA
AFXSHOWMSGW
AFXDOEVENTSA
AFXDOEVENTSW
AFXGETWINDOWSVERSION
AFXGETWINDOWSPLATFORM
AFXGETWINDOWSBUILD
AFXISPLATFORMNTA
AFXISPLATFORMNTW
AFXGETCOMCTLVERSION
AFXWINERRMSG
AFXCENTERWINDOW
WRITETOEVENTFILE
LOOKUPLEGITIMATEGVDOUBLE
LOOKUPLEGITIMATEGVUNKNOWN
GENRAND_INT32
GENRAND_INT31
GENRAND_REAL1
GENRAND_REAL2
GENRAND_REAL3
GENRAND_RES53
RANDOMNUMBER
RANDOMNUMBER2
SHUFFLE
SHUFFLELONGS
GETTIMEWITHSECONDS
GETTIMEWITHNANO
GETTIMEWITHMILLI
TIMEDMESSAGEBOX
MODELESSMESSAGEBOX
CBTIMEDMESSAGEBOX
DELAY
DELAYSECONDS
DELAYMILLISECONDS
DELAYMICROSECONDS
RANDOMDELAYMILLISECONDS
ISNUMERIC
ODD
FINDLARGEST
DEBUGLOG
RENAMEANDMOVEFILES
PSISTDDEV
PSIZ
GAUCUMDIS
NORMCUMDIST
DISPLAYSTATISTICSRESULTS
