PowerBASIC 10 for Windows
Copyright (c) 1996-2012 PowerBasic Inc.
Englewood, Florida USA
All Rights Reserved

Primary source:  E:\DOPS_Applications\Ross\ThetaTrainerMIDIv51\ThetaTrainer.bas   {172626 total lines}
Target compilation:  ThetaTrainer.EXE
Compile time:  0.5 seconds, at 20715120 lines/minute

87552 bytes compiled code, 93344 bytes RTLibrary,
8968 bytes string literals, and 11546648 bytes dgroup.
Executable stack size:  1048576 bytes.
Disk image: 210944 bytes   Memory image: 11648960 bytes.

Component Files:
----------------
E:\DOPS_Applications\Ross\ThetaTrainerMIDIv51\ThetaTrainer.bas
E:\POWERBASICCLASSICWINDOWS10\WINAPI_II\WIN32API.INC
E:\POWERBASICCLASSICWINDOWS10\WINAPI_II\WINDOWS.INC
E:\POWERBASICCLASSICWINDOWS10\WINAPI_II\SDKDDKVER.INC
E:\POWERBASICCLASSICWINDOWS10\WINAPI_II\WINDEF.INC
E:\POWERBASICCLASSICWINDOWS10\WINAPI_II\WINNT.INC
E:\POWERBASICCLASSICWINDOWS10\WINAPI_II\BASETSD.INC
E:\POWERBASICCLASSICWINDOWS10\WINAPI_II\GUIDDEF.INC
E:\POWERBASICCLASSICWINDOWS10\WINAPI_II\NTSTATUS.INC
E:\POWERBASICCLASSICWINDOWS10\WINAPI_II\KTMTYPES.INC
E:\POWERBASICCLASSICWINDOWS10\WINAPI_II\WINERROR.INC
E:\POWERBASICCLASSICWINDOWS10\WINAPI_II\WINBASE.INC
E:\POWERBASICCLASSICWINDOWS10\WINAPI_II\WINGDI.INC
E:\POWERBASICCLASSICWINDOWS10\WINAPI_II\WINUSER.INC
E:\POWERBASICCLASSICWINDOWS10\WINAPI_II\TVOUT.INC
E:\POWERBASICCLASSICWINDOWS10\WINAPI_II\WINNLS.INC
E:\POWERBASICCLASSICWINDOWS10\WINAPI_II\WINCON.INC
E:\POWERBASICCLASSICWINDOWS10\WINAPI_II\WINVER.INC
E:\POWERBASICCLASSICWINDOWS10\WINAPI_II\VERRSRC.INC
E:\POWERBASICCLASSICWINDOWS10\WINAPI_II\WINREG.INC
E:\POWERBASICCLASSICWINDOWS10\WINAPI_II\WTYPES.INC
E:\POWERBASICCLASSICWINDOWS10\WINAPI_II\REASON.INC
E:\POWERBASICCLASSICWINDOWS10\WINAPI_II\WINNETWK.INC
E:\POWERBASICCLASSICWINDOWS10\WINAPI_II\WNNC.INC
E:\POWERBASICCLASSICWINDOWS10\WINAPI_II\CDERR.INC
E:\POWERBASICCLASSICWINDOWS10\WINAPI_II\DDE.INC
E:\POWERBASICCLASSICWINDOWS10\WINAPI_II\DDEML.INC
E:\POWERBASICCLASSICWINDOWS10\WINAPI_II\DLGS.INC
E:\POWERBASICCLASSICWINDOWS10\WINAPI_II\LZEXPAND.INC
E:\POWERBASICCLASSICWINDOWS10\WINAPI_II\MMSYSTEM.INC
E:\POWERBASICCLASSICWINDOWS10\WINAPI_II\NB30.INC
E:\POWERBASICCLASSICWINDOWS10\WINAPI_II\RPC.INC
E:\POWERBASICCLASSICWINDOWS10\WINAPI_II\RPCDCE.INC
E:\POWERBASICCLASSICWINDOWS10\WINAPI_II\RPCDCEP.INC
E:\POWERBASICCLASSICWINDOWS10\WINAPI_II\RPCNSI.INC
E:\POWERBASICCLASSICWINDOWS10\WINAPI_II\RPCASYNC.INC
E:\POWERBASICCLASSICWINDOWS10\WINAPI_II\SHELLAPI.INC
E:\POWERBASICCLASSICWINDOWS10\WINAPI_II\WINPERF.INC
E:\POWERBASICCLASSICWINDOWS10\WINAPI_II\WINSPOOL.INC
E:\POWERBASICCLASSICWINDOWS10\WINAPI_II\COMMCTRL.INC
E:\POWERBASICCLASSICWINDOWS10\WINAPI_II\OBJIDL.INC
E:\POWERBASICCLASSICWINDOWS10\WINAPI_II\OLE2.INC
E:\POWERBASICCLASSICWINDOWS10\WINAPI_II\OBJBASE.INC
E:\POWERBASICCLASSICWINDOWS10\WINAPI_II\UNKNWN.INC
E:\POWERBASICCLASSICWINDOWS10\WINAPI_II\OAIDL.INC
E:\POWERBASICCLASSICWINDOWS10\WINAPI_II\CGUID.INC
E:\POWERBASICCLASSICWINDOWS10\WINAPI_II\URLMON.INC
E:\POWERBASICCLASSICWINDOWS10\WINAPI_II\OLEIDL.INC
E:\POWERBASICCLASSICWINDOWS10\WINAPI_II\SERVPROV.INC
E:\POWERBASICCLASSICWINDOWS10\WINAPI_II\MSXML.INC
E:\POWERBASICCLASSICWINDOWS10\WINAPI_II\PROPIDL.INC
E:\POWERBASICCLASSICWINDOWS10\WINAPI_II\OLEAUTO.INC
E:\POWERBASICCLASSICWINDOWS10\WINAPI\PBFORMS.INC
E:\POWERBASICCLASSICWINDOWS10\DOPS_INCLUDES\DOPS_PB_CBW.INC
E:\POWERBASICCLASSICWINDOWS10\DOPS_INCLUDES\DOPS_EXPERIMENTINFO.INC
E:\POWERBASICCLASSICWINDOWS10\DOPS_INCLUDES\DOPS_UTILS.INC
E:\POWERBASICCLASSICWINDOWS10\DOPS_INCLUDES\MERSENNE-TWISTER.INC
E:\POWERBASICCLASSICWINDOWS10\DOPS_INCLUDES\EXPTCHECKLIST.INC
E:\POWERBASICCLASSICWINDOWS10\DOPS_INCLUDES\DOPS_STATISTICS.INC
E:\POWERBASICCLASSICWINDOWS10\DOPS_INCLUDES\DOPS_MMTIMERS.INC
E:\DOPS_APPLICATIONS\ROSS\THETATRAINERMIDIV51\DOPS_TCPIP_LOCAL.INC
E:\DOPS_APPLICATIONS\ROSS\THETATRAINERMIDIV51\CIRCULARQUEUECLASS.INC
E:\POWERBASICCLASSICWINDOWS10\DOPS_INCLUDES\FILTERCLASS.INC
E:\POWERBASICCLASSICWINDOWS10\DOPS_INCLUDES\MP3CLASS.INC
E:\POWERBASICCLASSICWINDOWS10\DOPS_INCLUDES\BIOSEMIRECORDING.INC
E:\POWERBASICCLASSICWINDOWS10\DOPS_INCLUDES\EVENODDRNGCLASS.INC
E:\POWERBASICCLASSICWINDOWS10\DOPS_INCLUDES\HIDDENRNGWINDOW.INC
E:\POWERBASICCLASSICWINDOWS10\DOPS_INCLUDES\MMFCOMM.INC


Code Extracted:
---------------
INT32X32TO64
UINT32X32TO64
INT64SHLLMOD32
INT64SHRAMOD32
INT64SHRLMOD32
MAKELANGID
PRIMARYLANGID
SUBLANGID
MAKELCID
MAKESORTLCID
LANGIDFROMLCID
SORTIDFROMLCID
SORTVERSIONFROMLCID
FILTER_FLT_NTSTATUS_FROM_HRESULT
NTSTATUS_FROM_WIN32
ISPTR
ISFCN
ISARY
ISTAG
HEAP_MAKE_TAG_FLAGS
FILLMEMORY
ZEROMEMORY
WT_SET_MAX_THREADPOOL_THREADS
SUCCEEDED
FAILED
IS_ERROR
HRESULT_CODE
SCODE_CODE
HRESULT_FACILITY
SCODE_FACILITY
HRESULT_SEVERITY
SCODE_SEVERITY
MAKE_HRESULT
MAKE_SCODE
HRESULT_FROM_WIN32
HRESULT_FROM_NT
HRESULT_FROM_SETUPAPI
FILTER_HRESULT_FROM_FLT_NTSTATUS
INTERLOCKEDAND64
INTERLOCKEDOR64
INTERLOCKEDXOR64
INTERLOCKEDINCREMENT64
INTERLOCKEDDECREMENT64
INTERLOCKEDEXCHANGE64
INTERLOCKEDEXCHANGEADD64
GETHINST
GETKVALUE
GETYVALUE
GETMVALUE
GETCVALUE
CMYK
PALETTERGB
PALETTEINDEX
MOVETO
IS_INTRESOURCE
MAKEINTRESOURCEA
MAKEINTRESOURCEW
EXITWINDOWS
CREATEWINDOWA
CREATEWINDOWW
CREATEDIALOGINDIRECTA
CREATEDIALOGINDIRECTW
CREATEDIALOGA
CREATEDIALOGW
DIALOGBOXA
DIALOGBOXW
DIALOGBOXINDIRECTA
DIALOGBOXINDIRECTW
GETWINDOWTASK
GETNEXTWINDOW
DEFHOOKPROC
MAKEFOURCC
SNDALIAS
MEVT_EVENTTYPE
MEVT_EVENTPARM
MMIOFOURCC
MCI_MSF_MINUTE
MCI_MSF_SECOND
MCI_MSF_FRAME
MCI_MAKE_MSF
MCI_TMSF_TRACK
MCI_TMSF_MINUTE
MCI_TMSF_SECOND
MCI_TMSF_FRAME
MCI_MAKE_TMSF
MCI_HMS_HOUR
MCI_HMS_MINUTE
MCI_HMS_SECOND
MCI_MAKE_HMS
CANSHAREFOLDERW
SHOWSHAREFOLDERUI
NETADDR_GETADDRESS
NETADDR_SETALLOWTYPE
NETADDR_GETALLOWTYPE
NETADDR_DISPLAYERRORTIP
PTR2OBJ
AFXSHOWMSGA
AFXSHOWMSGW
AFXDOEVENTSA
AFXDOEVENTSW
AFXGETWINDOWSVERSION
AFXGETWINDOWSPLATFORM
AFXGETWINDOWSBUILD
AFXISPLATFORMNTA
AFXISPLATFORMNTW
AFXGETCOMCTLVERSION
AFXWINERRMSG
AFXCENTERWINDOW
XMLENCODEBASE64
XMLDECODEBASE64
PROPVARIANTINIT
LHASHVALOFNAME
WHASHVALOFLHASHVAL
ISHASHVALCOMPATIBLE
IMAGELIST_ADDICON
INDEXTOOVERLAYMASK
INDEXTOSTATEIMAGEMASK
MAKEIPRANGE
MAKEIPADDRESS
FIRST_IPADDRESS
SECOND_IPADDRESS
THIRD_IPADDRESS
FOURTH_IPADDRESS
DSA_DELETEITEM
DSA_GETITEM
DSA_SETITEM
DPA_CREATEEX
DPA_CLONE
DPA_GETPTRINDEX
DPA_MERGE
WRITETOEVENTFILE
LOOKUPLEGITIMATEGVDOUBLE
LOOKUPLEGITIMATEGVUNKNOWN
GENRAND_INT32
GENRAND_INT31
GENRAND_REAL1
GENRAND_REAL2
GENRAND_REAL3
GENRAND_RES53
RANDOMNUMBER
RANDOMNUMBER2
SHUFFLE
SHUFFLELONGS
GETTIMEWITHSECONDS
GETTIMEWITHNANO
GETTIMEWITHMILLI
CUSTOMMESSAGEBOX
CUSTOMMESSAGEBOX2
TIMEDMESSAGEBOX
MODELESSMESSAGEBOX
CBTIMEDMESSAGEBOX
CREATEPHOTODIODEDDIALOG
PHOTODIODEONOFF
DELAY
DELAYSECONDS
DELAYMILLISECONDS
DELAYMICROSECONDS
RANDOMDELAYMILLISECONDS
ISNUMERIC
ODD
FINDLARGEST
GETPOWERTIMETOTALMILLIS
DEBUGLOG
RENAMEANDMOVEFILES
ORDEROFMAGNITUDE
SUMBITSOFBYTE
SETTOPMOSTWINDOW
WRITETRIALSEMAPHORE
ABORTPROGRAM
PSISTDDEV
PSIZ
GAUCUMDIS
NORMCUMDIST
DISPLAYSTATISTICSRESULTS
TIMERSCOUNTERS
SETMMTIMERONOFF
SETMMTIMERDURATION
SETMMTIMEREVENTPERIODIC
KILLMMTIMEREVENT
DISCONNECTFROMSERVER
MYCIRCULARQUEUE:RMSVALUE
MYCIRCULARQUEUE:RMSVALUE>SET
MYCIRCULARQUEUE:DISPLAYQUEUE
MYCIRCULARQUEUE:DISPLAYFRONTANDREAR
MYCIRCULARQUEUE:MEAN
MYCIRCULARQUEUE:RMS
MYCIRCULARQUEUE:MOVINGWINDOWRMS
MYFILTERS:BANDPASSFILTER4POLE
MYFILTERS:HIGHPASSFILTER1POLE
MYMP3CLASS:INTIALIZEMEDIA
MYMP3CLASS:OPENMEDIA
MYMP3CLASS:CLOSEMEDIA
MYMP3CLASS:PLAYMEDIA
MYMP3CLASS:STOPMEDIA
MYMP3CLASS:PAUSEMEDIA
MYMP3CLASS:RESUMEMEDIA
MYMP3CLASS:ADJUSTMEDIAMASTERVOLUME
MYMP3CLASS:ADJUSTMEDIARIGHTVOLUME
MYMP3CLASS:ADJUSTMEDIALEFTVOLUME
MYMP3CLASS:GETMEDIAPOSITION
MYMP3CLASS:GETMEDIALENGTH
EVENODDRNGCLASS:RESETGETRESULTS
CREATEMMFCHANNEL
READMMFCHANNEL
POLLMMFCHANNEL
CLOSEMMFCHANNEL
COPYCONFIGFILETOBIOSEMI
DOWORKFOREACHTICK
DOTIMERWORK
USETCPIPBUFFER
